<?xml version="1.0" encoding="UTF-8"?>
<!-- Generated by org.testng.reporters.JUnitReportReporter -->
<testsuite hostname="DESKTOP-LEGB3PA" failures="0" tests="1" name="tests.AmazonCustomerLoginTest" time="2.109" errors="0" timestamp="2022-12-02T21:44:30 BDT" skipped="0">
  <testcase classname="tests.AmazonCustomerLoginTest" name="amazonUserAddsProductsToCart" time="2.109"/>
  <system-out/>
</testsuite> <!-- tests.AmazonCustomerLoginTest -->
